{"E:\\EscritorioAriel\\cursoJS\\APP2\\backend\\app.js": {"path":"E:\\EscritorioAriel\\cursoJS\\APP2\\backend\\app.js","statementMap":{"0":{"start":{"line":4,"column":16},"end":{"line":4,"column":34}},"1":{"start":{"line":5,"column":13},"end":{"line":5,"column":28}},"2":{"start":{"line":6,"column":13},"end":{"line":6,"column":28}},"3":{"start":{"line":7,"column":15},"end":{"line":7,"column":32}},"4":{"start":{"line":8,"column":18},"end":{"line":8,"column":47}},"5":{"start":{"line":9,"column":16},"end":{"line":9,"column":42}},"6":{"start":{"line":10,"column":18},"end":{"line":10,"column":55}},"7":{"start":{"line":11,"column":13},"end":{"line":11,"column":39}},"8":{"start":{"line":12,"column":12},"end":{"line":12,"column":21}},"9":{"start":{"line":15,"column":0},"end":{"line":39,"column":2}},"10":{"start":{"line":41,"column":16},"end":{"line":45,"column":2}},"11":{"start":{"line":46,"column":0},"end":{"line":46,"column":17}},"12":{"start":{"line":48,"column":0},"end":{"line":56,"column":2}},"13":{"start":{"line":58,"column":0},"end":{"line":58,"column":28}},"14":{"start":{"line":61,"column":0},"end":{"line":78,"column":2}},"15":{"start":{"line":80,"column":21},"end":{"line":80,"column":62}},"16":{"start":{"line":82,"column":0},"end":{"line":82,"column":24}},"17":{"start":{"line":83,"column":0},"end":{"line":83,"column":73}},"18":{"start":{"line":83,"column":33},"end":{"line":83,"column":71}},"19":{"start":{"line":84,"column":0},"end":{"line":84,"column":68}},"20":{"start":{"line":85,"column":0},"end":{"line":85,"column":67}},"21":{"start":{"line":86,"column":0},"end":{"line":90,"column":2}},"22":{"start":{"line":92,"column":0},"end":{"line":94,"column":3}},"23":{"start":{"line":93,"column":2},"end":{"line":93,"column":63}},"24":{"start":{"line":97,"column":0},"end":{"line":111,"column":3}},"25":{"start":{"line":99,"column":2},"end":{"line":102,"column":4}},"26":{"start":{"line":103,"column":2},"end":{"line":103,"column":53}},"27":{"start":{"line":104,"column":2},"end":{"line":104,"column":43}},"28":{"start":{"line":107,"column":2},"end":{"line":110,"column":5}},"29":{"start":{"line":114,"column":0},"end":{"line":114,"column":21}}},"fnMap":{"0":{"name":"(anonymous_0)","decl":{"start":{"line":83,"column":19},"end":{"line":83,"column":20}},"loc":{"start":{"line":83,"column":33},"end":{"line":83,"column":71}},"line":83},"1":{"name":"(anonymous_1)","decl":{"start":{"line":92,"column":13},"end":{"line":92,"column":14}},"loc":{"start":{"line":92,"column":27},"end":{"line":94,"column":1}},"line":92},"2":{"name":"(anonymous_2)","decl":{"start":{"line":97,"column":8},"end":{"line":97,"column":9}},"loc":{"start":{"line":97,"column":28},"end":{"line":111,"column":1}},"line":97}},"branchMap":{"0":{"loc":{"start":{"line":51,"column":6},"end":{"line":53,"column":33}},"type":"cond-expr","locations":[{"start":{"line":52,"column":10},"end":{"line":52,"column":31}},{"start":{"line":53,"column":10},"end":{"line":53,"column":33}}],"line":51}},"s":{"0":3,"1":3,"2":3,"3":3,"4":3,"5":3,"6":3,"7":3,"8":3,"9":3,"10":3,"11":3,"12":3,"13":3,"14":3,"15":3,"16":3,"17":3,"18":1,"19":3,"20":3,"21":3,"22":3,"23":0,"24":3,"25":0,"26":0,"27":0,"28":0,"29":3},"f":{"0":1,"1":0,"2":0},"b":{"0":[0,3]},"_coverageSchema":"1a1c01bbd47fc00a2c39e90264f33305004495a9","hash":"9a43243c2f160229d23a7a20fb6e2211d462a6bb"}
,"E:\\EscritorioAriel\\cursoJS\\APP2\\backend\\src\\config\\db.js": {"path":"E:\\EscritorioAriel\\cursoJS\\APP2\\backend\\src\\config\\db.js","statementMap":{"0":{"start":{"line":4,"column":0},"end":{"line":4,"column":27}},"1":{"start":{"line":5,"column":17},"end":{"line":5,"column":30}},"2":{"start":{"line":7,"column":13},"end":{"line":13,"column":2}},"3":{"start":{"line":15,"column":0},"end":{"line":15,"column":22}}},"fnMap":{},"branchMap":{},"s":{"0":6,"1":6,"2":6,"3":6},"f":{},"b":{},"_coverageSchema":"1a1c01bbd47fc00a2c39e90264f33305004495a9","hash":"a45e20213142b2b45eb0684dd6b695a285ba502c"}
,"E:\\EscritorioAriel\\cursoJS\\APP2\\backend\\src\\controllers\\authControllers.js": {"path":"E:\\EscritorioAriel\\cursoJS\\APP2\\backend\\src\\controllers\\authControllers.js","statementMap":{"0":{"start":{"line":3,"column":20},"end":{"line":3,"column":54}},"1":{"start":{"line":4,"column":21},"end":{"line":4,"column":56}},"2":{"start":{"line":5,"column":26},"end":{"line":5,"column":70}},"3":{"start":{"line":7,"column":14},"end":{"line":34,"column":1}},"4":{"start":{"line":8,"column":33},"end":{"line":8,"column":41}},"5":{"start":{"line":9,"column":2},"end":{"line":11,"column":3}},"6":{"start":{"line":10,"column":4},"end":{"line":10,"column":76}},"7":{"start":{"line":12,"column":13},"end":{"line":12,"column":51}},"8":{"start":{"line":13,"column":20},"end":{"line":13,"column":45}},"9":{"start":{"line":15,"column":17},"end":{"line":15,"column":60}},"10":{"start":{"line":16,"column":2},"end":{"line":25,"column":3}},"11":{"start":{"line":17,"column":4},"end":{"line":20,"column":7}},"12":{"start":{"line":21,"column":4},"end":{"line":21,"column":60}},"13":{"start":{"line":22,"column":4},"end":{"line":24,"column":65}},"14":{"start":{"line":27,"column":2},"end":{"line":27,"column":33}},"15":{"start":{"line":28,"column":2},"end":{"line":28,"column":22}},"16":{"start":{"line":29,"column":2},"end":{"line":29,"column":72}},"17":{"start":{"line":30,"column":2},"end":{"line":30,"column":69}},"18":{"start":{"line":31,"column":2},"end":{"line":31,"column":58}},"19":{"start":{"line":33,"column":2},"end":{"line":33,"column":49}},"20":{"start":{"line":36,"column":15},"end":{"line":54,"column":1}},"21":{"start":{"line":37,"column":2},"end":{"line":39,"column":3}},"22":{"start":{"line":38,"column":4},"end":{"line":38,"column":77}},"23":{"start":{"line":40,"column":17},"end":{"line":40,"column":36}},"24":{"start":{"line":42,"column":2},"end":{"line":53,"column":5}},"25":{"start":{"line":43,"column":4},"end":{"line":48,"column":5}},"26":{"start":{"line":44,"column":6},"end":{"line":44,"column":25}},"27":{"start":{"line":45,"column":6},"end":{"line":47,"column":67}},"28":{"start":{"line":49,"column":4},"end":{"line":49,"column":63}},"29":{"start":{"line":51,"column":4},"end":{"line":51,"column":75}},"30":{"start":{"line":52,"column":4},"end":{"line":52,"column":32}},"31":{"start":{"line":56,"column":23},"end":{"line":61,"column":1}},"32":{"start":{"line":57,"column":2},"end":{"line":59,"column":3}},"33":{"start":{"line":58,"column":4},"end":{"line":58,"column":77}},"34":{"start":{"line":60,"column":2},"end":{"line":60,"column":54}},"35":{"start":{"line":63,"column":0},"end":{"line":67,"column":2}}},"fnMap":{"0":{"name":"(anonymous_0)","decl":{"start":{"line":7,"column":14},"end":{"line":7,"column":15}},"loc":{"start":{"line":7,"column":34},"end":{"line":34,"column":1}},"line":7},"1":{"name":"(anonymous_1)","decl":{"start":{"line":36,"column":15},"end":{"line":36,"column":16}},"loc":{"start":{"line":36,"column":29},"end":{"line":54,"column":1}},"line":36},"2":{"name":"(anonymous_2)","decl":{"start":{"line":42,"column":22},"end":{"line":42,"column":23}},"loc":{"start":{"line":42,"column":37},"end":{"line":53,"column":3}},"line":42},"3":{"name":"(anonymous_3)","decl":{"start":{"line":56,"column":23},"end":{"line":56,"column":24}},"loc":{"start":{"line":56,"column":37},"end":{"line":61,"column":1}},"line":56}},"branchMap":{"0":{"loc":{"start":{"line":9,"column":2},"end":{"line":11,"column":3}},"type":"if","locations":[{"start":{"line":9,"column":2},"end":{"line":11,"column":3}},{"start":{},"end":{}}],"line":9},"1":{"loc":{"start":{"line":9,"column":6},"end":{"line":9,"column":28}},"type":"binary-expr","locations":[{"start":{"line":9,"column":6},"end":{"line":9,"column":15}},{"start":{"line":9,"column":19},"end":{"line":9,"column":28}}],"line":9},"2":{"loc":{"start":{"line":12,"column":13},"end":{"line":12,"column":51}},"type":"binary-expr","locations":[{"start":{"line":12,"column":13},"end":{"line":12,"column":19}},{"start":{"line":12,"column":23},"end":{"line":12,"column":51}}],"line":12},"3":{"loc":{"start":{"line":16,"column":2},"end":{"line":25,"column":3}},"type":"if","locations":[{"start":{"line":16,"column":2},"end":{"line":25,"column":3}},{"start":{},"end":{}}],"line":16},"4":{"loc":{"start":{"line":37,"column":2},"end":{"line":39,"column":3}},"type":"if","locations":[{"start":{"line":37,"column":2},"end":{"line":39,"column":3}},{"start":{},"end":{}}],"line":37},"5":{"loc":{"start":{"line":43,"column":4},"end":{"line":48,"column":5}},"type":"if","locations":[{"start":{"line":43,"column":4},"end":{"line":48,"column":5}},{"start":{},"end":{}}],"line":43},"6":{"loc":{"start":{"line":49,"column":20},"end":{"line":49,"column":61}},"type":"binary-expr","locations":[{"start":{"line":49,"column":20},"end":{"line":49,"column":44}},{"start":{"line":49,"column":48},"end":{"line":49,"column":61}}],"line":49},"7":{"loc":{"start":{"line":57,"column":2},"end":{"line":59,"column":3}},"type":"if","locations":[{"start":{"line":57,"column":2},"end":{"line":59,"column":3}},{"start":{},"end":{}}],"line":57}},"s":{"0":3,"1":3,"2":3,"3":3,"4":5,"5":5,"6":0,"7":5,"8":5,"9":5,"10":5,"11":1,"12":1,"13":1,"14":4,"15":4,"16":4,"17":4,"18":4,"19":4,"20":3,"21":1,"22":0,"23":1,"24":1,"25":1,"26":0,"27":0,"28":1,"29":1,"30":1,"31":3,"32":1,"33":0,"34":1,"35":3},"f":{"0":5,"1":1,"2":1,"3":1},"b":{"0":[0,5],"1":[5,5],"2":[5,0],"3":[1,4],"4":[0,1],"5":[0,1],"6":[1,1],"7":[0,1]},"_coverageSchema":"1a1c01bbd47fc00a2c39e90264f33305004495a9","hash":"1b98a184c356a7234c75075e992cbf866baee31d"}
,"E:\\EscritorioAriel\\cursoJS\\APP2\\backend\\src\\controllers\\planificacionesController.js": {"path":"E:\\EscritorioAriel\\cursoJS\\APP2\\backend\\src\\controllers\\planificacionesController.js","statementMap":{"0":{"start":{"line":3,"column":29},"end":{"line":3,"column":72}},"1":{"start":{"line":5,"column":29},"end":{"line":22,"column":1}},"2":{"start":{"line":6,"column":32},"end":{"line":6,"column":40}},"3":{"start":{"line":7,"column":2},"end":{"line":21,"column":3}},"4":{"start":{"line":8,"column":19},"end":{"line":11,"column":5}},"5":{"start":{"line":12,"column":4},"end":{"line":12,"column":57}},"6":{"start":{"line":15,"column":4},"end":{"line":17,"column":5}},"7":{"start":{"line":16,"column":6},"end":{"line":16,"column":76}},"8":{"start":{"line":19,"column":4},"end":{"line":19,"column":25}},"9":{"start":{"line":20,"column":4},"end":{"line":20,"column":69}},"10":{"start":{"line":24,"column":31},"end":{"line":39,"column":1}},"11":{"start":{"line":25,"column":35},"end":{"line":25,"column":44}},"12":{"start":{"line":26,"column":2},"end":{"line":38,"column":3}},"13":{"start":{"line":27,"column":19},"end":{"line":30,"column":5}},"14":{"start":{"line":31,"column":4},"end":{"line":31,"column":43}},"15":{"start":{"line":33,"column":4},"end":{"line":33,"column":62}},"16":{"start":{"line":34,"column":4},"end":{"line":37,"column":7}},"17":{"start":{"line":41,"column":32},"end":{"line":64,"column":1}},"18":{"start":{"line":42,"column":17},"end":{"line":42,"column":27}},"19":{"start":{"line":43,"column":32},"end":{"line":43,"column":40}},"20":{"start":{"line":44,"column":2},"end":{"line":63,"column":3}},"21":{"start":{"line":45,"column":4},"end":{"line":45,"column":78}},"22":{"start":{"line":46,"column":4},"end":{"line":46,"column":52}},"23":{"start":{"line":49,"column":4},"end":{"line":54,"column":5}},"24":{"start":{"line":53,"column":6},"end":{"line":53,"column":76}},"25":{"start":{"line":56,"column":4},"end":{"line":58,"column":5}},"26":{"start":{"line":57,"column":6},"end":{"line":57,"column":76}},"27":{"start":{"line":59,"column":4},"end":{"line":59,"column":25}},"28":{"start":{"line":60,"column":4},"end":{"line":62,"column":70}},"29":{"start":{"line":66,"column":30},"end":{"line":86,"column":1}},"30":{"start":{"line":67,"column":17},"end":{"line":67,"column":27}},"31":{"start":{"line":68,"column":2},"end":{"line":85,"column":3}},"32":{"start":{"line":69,"column":19},"end":{"line":69,"column":71}},"33":{"start":{"line":70,"column":4},"end":{"line":75,"column":5}},"34":{"start":{"line":72,"column":6},"end":{"line":74,"column":72}},"35":{"start":{"line":76,"column":4},"end":{"line":76,"column":52}},"36":{"start":{"line":78,"column":4},"end":{"line":80,"column":5}},"37":{"start":{"line":79,"column":6},"end":{"line":79,"column":76}},"38":{"start":{"line":81,"column":4},"end":{"line":81,"column":25}},"39":{"start":{"line":82,"column":4},"end":{"line":84,"column":68}},"40":{"start":{"line":88,"column":0},"end":{"line":93,"column":2}}},"fnMap":{"0":{"name":"(anonymous_0)","decl":{"start":{"line":5,"column":29},"end":{"line":5,"column":30}},"loc":{"start":{"line":5,"column":49},"end":{"line":22,"column":1}},"line":5},"1":{"name":"(anonymous_1)","decl":{"start":{"line":24,"column":31},"end":{"line":24,"column":32}},"loc":{"start":{"line":24,"column":51},"end":{"line":39,"column":1}},"line":24},"2":{"name":"(anonymous_2)","decl":{"start":{"line":41,"column":32},"end":{"line":41,"column":33}},"loc":{"start":{"line":41,"column":52},"end":{"line":64,"column":1}},"line":41},"3":{"name":"(anonymous_3)","decl":{"start":{"line":66,"column":30},"end":{"line":66,"column":31}},"loc":{"start":{"line":66,"column":50},"end":{"line":86,"column":1}},"line":66}},"branchMap":{"0":{"loc":{"start":{"line":15,"column":4},"end":{"line":17,"column":5}},"type":"if","locations":[{"start":{"line":15,"column":4},"end":{"line":17,"column":5}},{"start":{},"end":{}}],"line":15},"1":{"loc":{"start":{"line":25,"column":10},"end":{"line":25,"column":18}},"type":"default-arg","locations":[{"start":{"line":25,"column":17},"end":{"line":25,"column":18}}],"line":25},"2":{"loc":{"start":{"line":25,"column":20},"end":{"line":25,"column":30}},"type":"default-arg","locations":[{"start":{"line":25,"column":28},"end":{"line":25,"column":30}}],"line":25},"3":{"loc":{"start":{"line":49,"column":4},"end":{"line":54,"column":5}},"type":"if","locations":[{"start":{"line":49,"column":4},"end":{"line":54,"column":5}},{"start":{},"end":{}}],"line":49},"4":{"loc":{"start":{"line":50,"column":6},"end":{"line":51,"column":43}},"type":"binary-expr","locations":[{"start":{"line":50,"column":6},"end":{"line":50,"column":56}},{"start":{"line":51,"column":6},"end":{"line":51,"column":43}}],"line":50},"5":{"loc":{"start":{"line":56,"column":4},"end":{"line":58,"column":5}},"type":"if","locations":[{"start":{"line":56,"column":4},"end":{"line":58,"column":5}},{"start":{},"end":{}}],"line":56},"6":{"loc":{"start":{"line":70,"column":4},"end":{"line":75,"column":5}},"type":"if","locations":[{"start":{"line":70,"column":4},"end":{"line":75,"column":5}},{"start":{},"end":{}}],"line":70},"7":{"loc":{"start":{"line":78,"column":4},"end":{"line":80,"column":5}},"type":"if","locations":[{"start":{"line":78,"column":4},"end":{"line":80,"column":5}},{"start":{},"end":{}}],"line":78}},"s":{"0":3,"1":3,"2":4,"3":4,"4":4,"5":3,"6":1,"7":1,"8":0,"9":0,"10":3,"11":1,"12":1,"13":1,"14":1,"15":0,"16":0,"17":3,"18":2,"19":2,"20":2,"21":2,"22":1,"23":1,"24":1,"25":0,"26":0,"27":0,"28":0,"29":3,"30":2,"31":2,"32":2,"33":2,"34":1,"35":1,"36":0,"37":0,"38":0,"39":0,"40":3},"f":{"0":4,"1":1,"2":2,"3":2},"b":{"0":[1,0],"1":[0],"2":[0],"3":[1,0],"4":[1,0],"5":[0,0],"6":[1,1],"7":[0,0]},"_coverageSchema":"1a1c01bbd47fc00a2c39e90264f33305004495a9","hash":"45d259e5eeecabd4c593782d319ae6244c7e69c3"}
,"E:\\EscritorioAriel\\cursoJS\\APP2\\backend\\src\\middlewares\\authMiddleware.js": {"path":"E:\\EscritorioAriel\\cursoJS\\APP2\\backend\\src\\middlewares\\authMiddleware.js","statementMap":{"0":{"start":{"line":3,"column":0},"end":{"line":8,"column":2}},"1":{"start":{"line":4,"column":2},"end":{"line":6,"column":3}},"2":{"start":{"line":5,"column":4},"end":{"line":5,"column":77}},"3":{"start":{"line":7,"column":2},"end":{"line":7,"column":9}}},"fnMap":{"0":{"name":"(anonymous_0)","decl":{"start":{"line":3,"column":17},"end":{"line":3,"column":18}},"loc":{"start":{"line":3,"column":37},"end":{"line":8,"column":1}},"line":3}},"branchMap":{"0":{"loc":{"start":{"line":4,"column":2},"end":{"line":6,"column":3}},"type":"if","locations":[{"start":{"line":4,"column":2},"end":{"line":6,"column":3}},{"start":{},"end":{}}],"line":4}},"s":{"0":3,"1":13,"2":2,"3":11},"f":{"0":13},"b":{"0":[2,11]},"_coverageSchema":"1a1c01bbd47fc00a2c39e90264f33305004495a9","hash":"a897dfc4a681cefbc3dfed51153eac8de009a07a"}
,"E:\\EscritorioAriel\\cursoJS\\APP2\\backend\\src\\middlewares\\checkPermiso.js": {"path":"E:\\EscritorioAriel\\cursoJS\\APP2\\backend\\src\\middlewares\\checkPermiso.js","statementMap":{"0":{"start":{"line":3,"column":36},"end":{"line":3,"column":76}},"1":{"start":{"line":5,"column":0},"end":{"line":33,"column":2}},"2":{"start":{"line":6,"column":2},"end":{"line":32,"column":4}},"3":{"start":{"line":7,"column":22},"end":{"line":7,"column":42}},"4":{"start":{"line":8,"column":4},"end":{"line":8,"column":73}},"5":{"start":{"line":9,"column":4},"end":{"line":11,"column":5}},"6":{"start":{"line":10,"column":6},"end":{"line":10,"column":79}},"7":{"start":{"line":13,"column":4},"end":{"line":31,"column":5}},"8":{"start":{"line":14,"column":27},"end":{"line":18,"column":7}},"9":{"start":{"line":19,"column":6},"end":{"line":21,"column":8}},"10":{"start":{"line":22,"column":6},"end":{"line":26,"column":7}},"11":{"start":{"line":23,"column":8},"end":{"line":25,"column":63}},"12":{"start":{"line":27,"column":6},"end":{"line":27,"column":13}},"13":{"start":{"line":29,"column":6},"end":{"line":29,"column":55}},"14":{"start":{"line":30,"column":6},"end":{"line":30,"column":71}}},"fnMap":{"0":{"name":"(anonymous_0)","decl":{"start":{"line":5,"column":17},"end":{"line":5,"column":18}},"loc":{"start":{"line":5,"column":38},"end":{"line":33,"column":1}},"line":5},"1":{"name":"(anonymous_1)","decl":{"start":{"line":6,"column":9},"end":{"line":6,"column":10}},"loc":{"start":{"line":6,"column":35},"end":{"line":32,"column":3}},"line":6}},"branchMap":{"0":{"loc":{"start":{"line":9,"column":4},"end":{"line":11,"column":5}},"type":"if","locations":[{"start":{"line":9,"column":4},"end":{"line":11,"column":5}},{"start":{},"end":{}}],"line":9},"1":{"loc":{"start":{"line":22,"column":6},"end":{"line":26,"column":7}},"type":"if","locations":[{"start":{"line":22,"column":6},"end":{"line":26,"column":7}},{"start":{},"end":{}}],"line":22}},"s":{"0":4,"1":4,"2":14,"3":11,"4":11,"5":11,"6":0,"7":11,"8":11,"9":11,"10":11,"11":1,"12":10,"13":0,"14":0},"f":{"0":14,"1":11},"b":{"0":[0,11],"1":[1,10]},"_coverageSchema":"1a1c01bbd47fc00a2c39e90264f33305004495a9","hash":"8b53fe13c7eb82519bd4e35ac8169bfde4f0fe79"}
,"E:\\EscritorioAriel\\cursoJS\\APP2\\backend\\src\\middlewares\\setAuditUser.js": {"path":"E:\\EscritorioAriel\\cursoJS\\APP2\\backend\\src\\middlewares\\setAuditUser.js","statementMap":{"0":{"start":{"line":5,"column":4},"end":{"line":5,"column":46}},"1":{"start":{"line":7,"column":0},"end":{"line":12,"column":2}},"2":{"start":{"line":8,"column":2},"end":{"line":10,"column":3}},"3":{"start":{"line":9,"column":4},"end":{"line":9,"column":58}},"4":{"start":{"line":11,"column":2},"end":{"line":11,"column":9}}},"fnMap":{"0":{"name":"(anonymous_0)","decl":{"start":{"line":7,"column":17},"end":{"line":7,"column":18}},"loc":{"start":{"line":7,"column":43},"end":{"line":12,"column":1}},"line":7}},"branchMap":{"0":{"loc":{"start":{"line":8,"column":2},"end":{"line":10,"column":3}},"type":"if","locations":[{"start":{"line":8,"column":2},"end":{"line":10,"column":3}},{"start":{},"end":{}}],"line":8}},"s":{"0":3,"1":3,"2":18,"3":11,"4":18},"f":{"0":18},"b":{"0":[11,7]},"_coverageSchema":"1a1c01bbd47fc00a2c39e90264f33305004495a9","hash":"af04134e92a91714bdace7bc84587fde4f0f9450"}
,"E:\\EscritorioAriel\\cursoJS\\APP2\\backend\\src\\repositories\\auditContextRepository.js": {"path":"E:\\EscritorioAriel\\cursoJS\\APP2\\backend\\src\\repositories\\auditContextRepository.js","statementMap":{"0":{"start":{"line":3,"column":13},"end":{"line":3,"column":36}},"1":{"start":{"line":6,"column":2},"end":{"line":6,"column":64}},"2":{"start":{"line":9,"column":0},"end":{"line":9,"column":36}}},"fnMap":{"0":{"name":"setCurrentUser","decl":{"start":{"line":5,"column":15},"end":{"line":5,"column":29}},"loc":{"start":{"line":5,"column":38},"end":{"line":7,"column":1}},"line":5}},"branchMap":{},"s":{"0":3,"1":11,"2":3},"f":{"0":11},"b":{},"_coverageSchema":"1a1c01bbd47fc00a2c39e90264f33305004495a9","hash":"50063020fe3ad4e2f2357221acf6af47636d4848"}
,"E:\\EscritorioAriel\\cursoJS\\APP2\\backend\\src\\repositories\\permisoRepository.js": {"path":"E:\\EscritorioAriel\\cursoJS\\APP2\\backend\\src\\repositories\\permisoRepository.js","statementMap":{"0":{"start":{"line":3,"column":13},"end":{"line":3,"column":36}},"1":{"start":{"line":6,"column":16},"end":{"line":25,"column":3}},"2":{"start":{"line":26,"column":19},"end":{"line":26,"column":72}},"3":{"start":{"line":27,"column":2},"end":{"line":27,"column":41}},"4":{"start":{"line":30,"column":0},"end":{"line":30,"column":38}}},"fnMap":{"0":{"name":"verificarPermiso","decl":{"start":{"line":5,"column":15},"end":{"line":5,"column":31}},"loc":{"start":{"line":5,"column":60},"end":{"line":28,"column":1}},"line":5}},"branchMap":{"0":{"loc":{"start":{"line":27,"column":9},"end":{"line":27,"column":40}},"type":"binary-expr","locations":[{"start":{"line":27,"column":9},"end":{"line":27,"column":31}},{"start":{"line":27,"column":35},"end":{"line":27,"column":40}}],"line":27}},"s":{"0":4,"1":9,"2":9,"3":9,"4":4},"f":{"0":9},"b":{"0":[9,0]},"_coverageSchema":"1a1c01bbd47fc00a2c39e90264f33305004495a9","hash":"a6e4d73d770925e6596288ef129db31a1f2e02fe"}
,"E:\\EscritorioAriel\\cursoJS\\APP2\\backend\\src\\repositories\\planificacionRepository.js": {"path":"E:\\EscritorioAriel\\cursoJS\\APP2\\backend\\src\\repositories\\planificacionRepository.js","statementMap":{"0":{"start":{"line":2,"column":13},"end":{"line":2,"column":36}},"1":{"start":{"line":5,"column":17},"end":{"line":8,"column":3}},"2":{"start":{"line":9,"column":2},"end":{"line":9,"column":24}},"3":{"start":{"line":13,"column":17},"end":{"line":16,"column":3}},"4":{"start":{"line":17,"column":2},"end":{"line":17,"column":21}},"5":{"start":{"line":21,"column":17},"end":{"line":21,"column":62}},"6":{"start":{"line":22,"column":2},"end":{"line":22,"column":40}},"7":{"start":{"line":26,"column":17},"end":{"line":26,"column":73}},"8":{"start":{"line":27,"column":2},"end":{"line":27,"column":16}},"9":{"start":{"line":31,"column":17},"end":{"line":34,"column":3}},"10":{"start":{"line":35,"column":2},"end":{"line":35,"column":16}},"11":{"start":{"line":38,"column":0},"end":{"line":44,"column":2}}},"fnMap":{"0":{"name":"crear","decl":{"start":{"line":4,"column":15},"end":{"line":4,"column":20}},"loc":{"start":{"line":4,"column":40},"end":{"line":10,"column":1}},"line":4},"1":{"name":"obtenerTodos","decl":{"start":{"line":12,"column":15},"end":{"line":12,"column":27}},"loc":{"start":{"line":12,"column":43},"end":{"line":18,"column":1}},"line":12},"2":{"name":"obtenerTotal","decl":{"start":{"line":20,"column":15},"end":{"line":20,"column":27}},"loc":{"start":{"line":20,"column":30},"end":{"line":23,"column":1}},"line":20},"3":{"name":"eliminarPorId","decl":{"start":{"line":25,"column":15},"end":{"line":25,"column":28}},"loc":{"start":{"line":25,"column":33},"end":{"line":28,"column":1}},"line":25},"4":{"name":"actualizar","decl":{"start":{"line":30,"column":15},"end":{"line":30,"column":25}},"loc":{"start":{"line":30,"column":49},"end":{"line":36,"column":1}},"line":30}},"branchMap":{},"s":{"0":4,"1":3,"2":3,"3":1,"4":1,"5":1,"6":1,"7":2,"8":2,"9":1,"10":1,"11":4},"f":{"0":3,"1":1,"2":1,"3":2,"4":1},"b":{},"_coverageSchema":"1a1c01bbd47fc00a2c39e90264f33305004495a9","hash":"44ef281a2ba7fc5494575416d8aeb5bc0a3a1465"}
,"E:\\EscritorioAriel\\cursoJS\\APP2\\backend\\src\\repositories\\usuarioRepository.js": {"path":"E:\\EscritorioAriel\\cursoJS\\APP2\\backend\\src\\repositories\\usuarioRepository.js","statementMap":{"0":{"start":{"line":4,"column":13},"end":{"line":4,"column":36}},"1":{"start":{"line":6,"column":23},"end":{"line":13,"column":1}},"2":{"start":{"line":7,"column":17},"end":{"line":11,"column":3}},"3":{"start":{"line":12,"column":2},"end":{"line":12,"column":24}},"4":{"start":{"line":15,"column":24},"end":{"line":33,"column":1}},"5":{"start":{"line":17,"column":13},"end":{"line":17,"column":33}},"6":{"start":{"line":21,"column":2},"end":{"line":27,"column":3}},"7":{"start":{"line":22,"column":4},"end":{"line":25,"column":6}},"8":{"start":{"line":26,"column":4},"end":{"line":26,"column":11}},"9":{"start":{"line":30,"column":2},"end":{"line":32,"column":5}},"10":{"start":{"line":35,"column":0},"end":{"line":38,"column":2}}},"fnMap":{"0":{"name":"(anonymous_0)","decl":{"start":{"line":6,"column":23},"end":{"line":6,"column":24}},"loc":{"start":{"line":6,"column":43},"end":{"line":13,"column":1}},"line":6},"1":{"name":"(anonymous_1)","decl":{"start":{"line":15,"column":24},"end":{"line":15,"column":25}},"loc":{"start":{"line":15,"column":42},"end":{"line":33,"column":1}},"line":15}},"branchMap":{"0":{"loc":{"start":{"line":21,"column":2},"end":{"line":27,"column":3}},"type":"if","locations":[{"start":{"line":21,"column":2},"end":{"line":27,"column":3}},{"start":{},"end":{}}],"line":21},"1":{"loc":{"start":{"line":21,"column":6},"end":{"line":21,"column":33}},"type":"binary-expr","locations":[{"start":{"line":21,"column":6},"end":{"line":21,"column":9}},{"start":{"line":21,"column":13},"end":{"line":21,"column":22}},{"start":{"line":21,"column":26},"end":{"line":21,"column":33}}],"line":21}},"s":{"0":4,"1":4,"2":5,"3":5,"4":4,"5":4,"6":4,"7":0,"8":0,"9":4,"10":4},"f":{"0":5,"1":4},"b":{"0":[0,4],"1":[4,4,4]},"_coverageSchema":"1a1c01bbd47fc00a2c39e90264f33305004495a9","hash":"e9308a1055be2ed182f21097f0da74621b941767"}
,"E:\\EscritorioAriel\\cursoJS\\APP2\\backend\\src\\routes\\v1\\auth.js": {"path":"E:\\EscritorioAriel\\cursoJS\\APP2\\backend\\src\\routes\\v1\\auth.js","statementMap":{"0":{"start":{"line":3,"column":16},"end":{"line":3,"column":34}},"1":{"start":{"line":4,"column":15},"end":{"line":4,"column":31}},"2":{"start":{"line":9,"column":4},"end":{"line":9,"column":48}},"3":{"start":{"line":10,"column":23},"end":{"line":10,"column":66}},"4":{"start":{"line":12,"column":0},"end":{"line":12,"column":29}},"5":{"start":{"line":13,"column":0},"end":{"line":13,"column":47}},"6":{"start":{"line":14,"column":0},"end":{"line":14,"column":50}},"7":{"start":{"line":16,"column":0},"end":{"line":16,"column":24}}},"fnMap":{},"branchMap":{},"s":{"0":3,"1":3,"2":3,"3":3,"4":3,"5":3,"6":3,"7":3},"f":{},"b":{},"_coverageSchema":"1a1c01bbd47fc00a2c39e90264f33305004495a9","hash":"3e419356af757a3d2fa235024de2dbb3bc3456d0"}
,"E:\\EscritorioAriel\\cursoJS\\APP2\\backend\\src\\routes\\v1\\planificaciones.js": {"path":"E:\\EscritorioAriel\\cursoJS\\APP2\\backend\\src\\routes\\v1\\planificaciones.js","statementMap":{"0":{"start":{"line":3,"column":16},"end":{"line":3,"column":34}},"1":{"start":{"line":4,"column":15},"end":{"line":4,"column":31}},"2":{"start":{"line":10,"column":4},"end":{"line":10,"column":58}},"3":{"start":{"line":11,"column":23},"end":{"line":11,"column":66}},"4":{"start":{"line":12,"column":21},"end":{"line":12,"column":62}},"5":{"start":{"line":14,"column":0},"end":{"line":14,"column":27}},"6":{"start":{"line":16,"column":0},"end":{"line":16,"column":79}},"7":{"start":{"line":17,"column":0},"end":{"line":17,"column":79}},"8":{"start":{"line":18,"column":0},"end":{"line":22,"column":2}},"9":{"start":{"line":23,"column":0},"end":{"line":27,"column":2}},"10":{"start":{"line":29,"column":0},"end":{"line":29,"column":24}}},"fnMap":{},"branchMap":{},"s":{"0":3,"1":3,"2":3,"3":3,"4":3,"5":3,"6":3,"7":3,"8":3,"9":3,"10":3},"f":{},"b":{},"_coverageSchema":"1a1c01bbd47fc00a2c39e90264f33305004495a9","hash":"bc572c7d214700d907975362d0d086a9fac83790"}
,"E:\\EscritorioAriel\\cursoJS\\APP2\\backend\\src\\services\\auditContextService.js": {"path":"E:\\EscritorioAriel\\cursoJS\\APP2\\backend\\src\\services\\auditContextService.js","statementMap":{"0":{"start":{"line":3,"column":27},"end":{"line":3,"column":76}},"1":{"start":{"line":8,"column":2},"end":{"line":8,"column":31}},"2":{"start":{"line":11,"column":0},"end":{"line":11,"column":48}}},"fnMap":{"0":{"name":"establecerUsuarioAuditoria","decl":{"start":{"line":5,"column":15},"end":{"line":5,"column":41}},"loc":{"start":{"line":5,"column":50},"end":{"line":9,"column":1}},"line":5}},"branchMap":{},"s":{"0":3,"1":11,"2":3},"f":{"0":11},"b":{},"_coverageSchema":"1a1c01bbd47fc00a2c39e90264f33305004495a9","hash":"b313da49fa56f713676473f2f62bdef7d2713a5d"}
,"E:\\EscritorioAriel\\cursoJS\\APP2\\backend\\src\\services\\auditService.js": {"path":"E:\\EscritorioAriel\\cursoJS\\APP2\\backend\\src\\services\\auditService.js","statementMap":{"0":{"start":{"line":3,"column":13},"end":{"line":3,"column":36}},"1":{"start":{"line":12,"column":16},"end":{"line":15,"column":3}},"2":{"start":{"line":16,"column":2},"end":{"line":22,"column":5}},"3":{"start":{"line":25,"column":0},"end":{"line":25,"column":34}}},"fnMap":{"0":{"name":"registrarLog","decl":{"start":{"line":5,"column":15},"end":{"line":5,"column":27}},"loc":{"start":{"line":11,"column":2},"end":{"line":23,"column":1}},"line":11}},"branchMap":{"0":{"loc":{"start":{"line":8,"column":2},"end":{"line":8,"column":11}},"type":"default-arg","locations":[{"start":{"line":8,"column":7},"end":{"line":8,"column":11}}],"line":8},"1":{"loc":{"start":{"line":9,"column":2},"end":{"line":9,"column":18}},"type":"default-arg","locations":[{"start":{"line":9,"column":14},"end":{"line":9,"column":18}}],"line":9},"2":{"loc":{"start":{"line":10,"column":2},"end":{"line":10,"column":16}},"type":"default-arg","locations":[{"start":{"line":10,"column":12},"end":{"line":10,"column":16}}],"line":10},"3":{"loc":{"start":{"line":21,"column":4},"end":{"line":21,"column":44}},"type":"cond-expr","locations":[{"start":{"line":21,"column":14},"end":{"line":21,"column":37}},{"start":{"line":21,"column":40},"end":{"line":21,"column":44}}],"line":21}},"s":{"0":4,"1":4,"2":4,"3":4},"f":{"0":4},"b":{"0":[1],"1":[2],"2":[1],"3":[2,2]},"_coverageSchema":"1a1c01bbd47fc00a2c39e90264f33305004495a9","hash":"643929a4c159b1126fd0e2083748f37460bf52e5"}
,"E:\\EscritorioAriel\\cursoJS\\APP2\\backend\\src\\services\\authService.js": {"path":"E:\\EscritorioAriel\\cursoJS\\APP2\\backend\\src\\services\\authService.js","statementMap":{"0":{"start":{"line":2,"column":15},"end":{"line":2,"column":32}},"1":{"start":{"line":3,"column":26},"end":{"line":3,"column":70}},"2":{"start":{"line":6,"column":15},"end":{"line":6,"column":63}},"3":{"start":{"line":7,"column":2},"end":{"line":7,"column":43}},"4":{"start":{"line":8,"column":2},"end":{"line":8,"column":72}},"5":{"start":{"line":8,"column":13},"end":{"line":8,"column":72}},"6":{"start":{"line":9,"column":2},"end":{"line":9,"column":78}},"7":{"start":{"line":9,"column":20},"end":{"line":9,"column":78}},"8":{"start":{"line":10,"column":16},"end":{"line":10,"column":66}},"9":{"start":{"line":11,"column":2},"end":{"line":11,"column":73}},"10":{"start":{"line":11,"column":14},"end":{"line":11,"column":73}},"11":{"start":{"line":12,"column":2},"end":{"line":20,"column":4}},"12":{"start":{"line":23,"column":0},"end":{"line":23,"column":27}}},"fnMap":{"0":{"name":"login","decl":{"start":{"line":5,"column":15},"end":{"line":5,"column":20}},"loc":{"start":{"line":5,"column":41},"end":{"line":21,"column":1}},"line":5}},"branchMap":{"0":{"loc":{"start":{"line":8,"column":2},"end":{"line":8,"column":72}},"type":"if","locations":[{"start":{"line":8,"column":2},"end":{"line":8,"column":72}},{"start":{},"end":{}}],"line":8},"1":{"loc":{"start":{"line":9,"column":2},"end":{"line":9,"column":78}},"type":"if","locations":[{"start":{"line":9,"column":2},"end":{"line":9,"column":78}},{"start":{},"end":{}}],"line":9},"2":{"loc":{"start":{"line":11,"column":2},"end":{"line":11,"column":73}},"type":"if","locations":[{"start":{"line":11,"column":2},"end":{"line":11,"column":73}},{"start":{},"end":{}}],"line":11}},"s":{"0":4,"1":4,"2":7,"3":7,"4":7,"5":2,"6":5,"7":0,"8":5,"9":5,"10":0,"11":5,"12":4},"f":{"0":7},"b":{"0":[2,5],"1":[0,5],"2":[0,5]},"_coverageSchema":"1a1c01bbd47fc00a2c39e90264f33305004495a9","hash":"71f7be16f01a45f682c3bf1d5449b65bdee92d7f"}
,"E:\\EscritorioAriel\\cursoJS\\APP2\\backend\\src\\services\\permissionService.js": {"path":"E:\\EscritorioAriel\\cursoJS\\APP2\\backend\\src\\services\\permissionService.js","statementMap":{"0":{"start":{"line":3,"column":26},"end":{"line":3,"column":70}},"1":{"start":{"line":7,"column":2},"end":{"line":7,"column":78}},"2":{"start":{"line":10,"column":0},"end":{"line":10,"column":45}}},"fnMap":{"0":{"name":"verificarPermisoUsuario","decl":{"start":{"line":5,"column":15},"end":{"line":5,"column":38}},"loc":{"start":{"line":5,"column":67},"end":{"line":8,"column":1}},"line":5}},"branchMap":{},"s":{"0":4,"1":9,"2":4},"f":{"0":9},"b":{},"_coverageSchema":"1a1c01bbd47fc00a2c39e90264f33305004495a9","hash":"95a1fcdbf66dc6ab068b3dde4858c27e6d28b27b"}
,"E:\\EscritorioAriel\\cursoJS\\APP2\\backend\\src\\services\\planificacionService.js": {"path":"E:\\EscritorioAriel\\cursoJS\\APP2\\backend\\src\\services\\planificacionService.js","statementMap":{"0":{"start":{"line":3,"column":32},"end":{"line":3,"column":82}},"1":{"start":{"line":4,"column":12},"end":{"line":4,"column":26}},"2":{"start":{"line":8,"column":25},"end":{"line":8,"column":41}},"3":{"start":{"line":9,"column":25},"end":{"line":9,"column":48}},"4":{"start":{"line":11,"column":2},"end":{"line":13,"column":3}},"5":{"start":{"line":12,"column":4},"end":{"line":12,"column":53}},"6":{"start":{"line":14,"column":2},"end":{"line":16,"column":3}},"7":{"start":{"line":15,"column":4},"end":{"line":15,"column":60}},"8":{"start":{"line":18,"column":17},"end":{"line":21,"column":3}},"9":{"start":{"line":22,"column":2},"end":{"line":22,"column":16}},"10":{"start":{"line":26,"column":17},"end":{"line":26,"column":35}},"11":{"start":{"line":27,"column":24},"end":{"line":30,"column":4}},"12":{"start":{"line":33,"column":24},"end":{"line":37,"column":5}},"13":{"start":{"line":33,"column":43},"end":{"line":37,"column":3}},"14":{"start":{"line":39,"column":2},"end":{"line":46,"column":4}},"15":{"start":{"line":50,"column":2},"end":{"line":50,"column":48}},"16":{"start":{"line":50,"column":17},"end":{"line":50,"column":48}},"17":{"start":{"line":51,"column":17},"end":{"line":51,"column":64}},"18":{"start":{"line":52,"column":2},"end":{"line":52,"column":29}},"19":{"start":{"line":56,"column":2},"end":{"line":56,"column":48}},"20":{"start":{"line":56,"column":17},"end":{"line":56,"column":48}},"21":{"start":{"line":57,"column":25},"end":{"line":57,"column":41}},"22":{"start":{"line":58,"column":25},"end":{"line":58,"column":48}},"23":{"start":{"line":59,"column":2},"end":{"line":61,"column":3}},"24":{"start":{"line":60,"column":4},"end":{"line":60,"column":53}},"25":{"start":{"line":62,"column":2},"end":{"line":64,"column":3}},"26":{"start":{"line":63,"column":4},"end":{"line":63,"column":60}},"27":{"start":{"line":65,"column":17},"end":{"line":69,"column":3}},"28":{"start":{"line":70,"column":2},"end":{"line":70,"column":76}},"29":{"start":{"line":70,"column":29},"end":{"line":70,"column":76}},"30":{"start":{"line":73,"column":0},"end":{"line":78,"column":2}}},"fnMap":{"0":{"name":"crearPlanificacion","decl":{"start":{"line":6,"column":15},"end":{"line":6,"column":33}},"loc":{"start":{"line":6,"column":53},"end":{"line":23,"column":1}},"line":6},"1":{"name":"listarPlanificaciones","decl":{"start":{"line":25,"column":15},"end":{"line":25,"column":36}},"loc":{"start":{"line":25,"column":59},"end":{"line":47,"column":1}},"line":25},"2":{"name":"(anonymous_2)","decl":{"start":{"line":33,"column":33},"end":{"line":33,"column":34}},"loc":{"start":{"line":33,"column":43},"end":{"line":37,"column":3}},"line":33},"3":{"name":"eliminarPlanificacion","decl":{"start":{"line":49,"column":15},"end":{"line":49,"column":36}},"loc":{"start":{"line":49,"column":41},"end":{"line":53,"column":1}},"line":49},"4":{"name":"actualizarPlanificacion","decl":{"start":{"line":55,"column":15},"end":{"line":55,"column":38}},"loc":{"start":{"line":55,"column":62},"end":{"line":71,"column":1}},"line":55}},"branchMap":{"0":{"loc":{"start":{"line":11,"column":2},"end":{"line":13,"column":3}},"type":"if","locations":[{"start":{"line":11,"column":2},"end":{"line":13,"column":3}},{"start":{},"end":{}}],"line":11},"1":{"loc":{"start":{"line":11,"column":6},"end":{"line":11,"column":61}},"type":"binary-expr","locations":[{"start":{"line":11,"column":6},"end":{"line":11,"column":31}},{"start":{"line":11,"column":35},"end":{"line":11,"column":61}}],"line":11},"2":{"loc":{"start":{"line":14,"column":2},"end":{"line":16,"column":3}},"type":"if","locations":[{"start":{"line":14,"column":2},"end":{"line":16,"column":3}},{"start":{},"end":{}}],"line":14},"3":{"loc":{"start":{"line":14,"column":6},"end":{"line":14,"column":61}},"type":"binary-expr","locations":[{"start":{"line":14,"column":6},"end":{"line":14,"column":31}},{"start":{"line":14,"column":35},"end":{"line":14,"column":61}}],"line":14},"4":{"loc":{"start":{"line":25,"column":37},"end":{"line":25,"column":45}},"type":"default-arg","locations":[{"start":{"line":25,"column":44},"end":{"line":25,"column":45}}],"line":25},"5":{"loc":{"start":{"line":25,"column":47},"end":{"line":25,"column":57}},"type":"default-arg","locations":[{"start":{"line":25,"column":55},"end":{"line":25,"column":57}}],"line":25},"6":{"loc":{"start":{"line":50,"column":2},"end":{"line":50,"column":48}},"type":"if","locations":[{"start":{"line":50,"column":2},"end":{"line":50,"column":48}},{"start":{},"end":{}}],"line":50},"7":{"loc":{"start":{"line":56,"column":2},"end":{"line":56,"column":48}},"type":"if","locations":[{"start":{"line":56,"column":2},"end":{"line":56,"column":48}},{"start":{},"end":{}}],"line":56},"8":{"loc":{"start":{"line":59,"column":2},"end":{"line":61,"column":3}},"type":"if","locations":[{"start":{"line":59,"column":2},"end":{"line":61,"column":3}},{"start":{},"end":{}}],"line":59},"9":{"loc":{"start":{"line":59,"column":6},"end":{"line":59,"column":61}},"type":"binary-expr","locations":[{"start":{"line":59,"column":6},"end":{"line":59,"column":31}},{"start":{"line":59,"column":35},"end":{"line":59,"column":61}}],"line":59},"10":{"loc":{"start":{"line":62,"column":2},"end":{"line":64,"column":3}},"type":"if","locations":[{"start":{"line":62,"column":2},"end":{"line":64,"column":3}},{"start":{},"end":{}}],"line":62},"11":{"loc":{"start":{"line":62,"column":6},"end":{"line":62,"column":61}},"type":"binary-expr","locations":[{"start":{"line":62,"column":6},"end":{"line":62,"column":31}},{"start":{"line":62,"column":35},"end":{"line":62,"column":61}}],"line":62},"12":{"loc":{"start":{"line":70,"column":2},"end":{"line":70,"column":76}},"type":"if","locations":[{"start":{"line":70,"column":2},"end":{"line":70,"column":76}},{"start":{},"end":{}}],"line":70}},"s":{"0":4,"1":4,"2":8,"3":8,"4":8,"5":3,"6":5,"7":1,"8":4,"9":4,"10":2,"11":2,"12":2,"13":2,"14":2,"15":4,"16":1,"17":3,"18":3,"19":4,"20":1,"21":3,"22":3,"23":3,"24":1,"25":2,"26":0,"27":2,"28":2,"29":0,"30":4},"f":{"0":8,"1":2,"2":2,"3":4,"4":4},"b":{"0":[3,5],"1":[8,7],"2":[1,4],"3":[5,4],"4":[0],"5":[0],"6":[1,3],"7":[1,3],"8":[1,2],"9":[3,2],"10":[0,2],"11":[2,2],"12":[0,2]},"_coverageSchema":"1a1c01bbd47fc00a2c39e90264f33305004495a9","hash":"4a3ef91a03980faf03eec14a479a2b003c6e43c5"}
}
