TN:
SF:app.js
FN:83,(anonymous_0)
FN:92,(anonymous_1)
FN:97,(anonymous_2)
FNF:3
FNH:1
FNDA:1,(anonymous_0)
FNDA:0,(anonymous_1)
FNDA:0,(anonymous_2)
DA:4,3
DA:5,3
DA:6,3
DA:7,3
DA:8,3
DA:9,3
DA:10,3
DA:11,3
DA:12,3
DA:15,3
DA:41,3
DA:46,3
DA:48,3
DA:58,3
DA:61,3
DA:80,3
DA:82,3
DA:83,3
DA:84,3
DA:85,3
DA:86,3
DA:92,3
DA:93,0
DA:97,3
DA:99,0
DA:103,0
DA:104,0
DA:107,0
DA:114,3
LF:29
LH:24
BRDA:51,0,0,0
BRDA:51,0,1,3
BRF:2
BRH:1
end_of_record
TN:
SF:src\config\db.js
FNF:0
FNH:0
DA:4,6
DA:5,6
DA:7,6
DA:15,6
LF:4
LH:4
BRF:0
BRH:0
end_of_record
TN:
SF:src\controllers\authControllers.js
FN:7,(anonymous_0)
FN:36,(anonymous_1)
FN:42,(anonymous_2)
FN:56,(anonymous_3)
FNF:4
FNH:4
FNDA:5,(anonymous_0)
FNDA:1,(anonymous_1)
FNDA:1,(anonymous_2)
FNDA:1,(anonymous_3)
DA:3,3
DA:4,3
DA:5,3
DA:7,3
DA:8,5
DA:9,5
DA:10,0
DA:12,5
DA:13,5
DA:15,5
DA:16,5
DA:17,1
DA:21,1
DA:22,1
DA:27,4
DA:28,4
DA:29,4
DA:30,4
DA:31,4
DA:33,4
DA:36,3
DA:37,1
DA:38,0
DA:40,1
DA:42,1
DA:43,1
DA:44,0
DA:45,0
DA:49,1
DA:51,1
DA:52,1
DA:56,3
DA:57,1
DA:58,0
DA:60,1
DA:63,3
LF:36
LH:31
BRDA:9,0,0,0
BRDA:9,0,1,5
BRDA:9,1,0,5
BRDA:9,1,1,5
BRDA:12,2,0,5
BRDA:12,2,1,0
BRDA:16,3,0,1
BRDA:16,3,1,4
BRDA:37,4,0,0
BRDA:37,4,1,1
BRDA:43,5,0,0
BRDA:43,5,1,1
BRDA:49,6,0,1
BRDA:49,6,1,1
BRDA:57,7,0,0
BRDA:57,7,1,1
BRF:16
BRH:11
end_of_record
TN:
SF:src\controllers\planificacionesController.js
FN:5,(anonymous_0)
FN:24,(anonymous_1)
FN:41,(anonymous_2)
FN:66,(anonymous_3)
FNF:4
FNH:4
FNDA:4,(anonymous_0)
FNDA:1,(anonymous_1)
FNDA:2,(anonymous_2)
FNDA:2,(anonymous_3)
DA:3,3
DA:5,3
DA:6,4
DA:7,4
DA:8,4
DA:12,3
DA:15,1
DA:16,1
DA:19,0
DA:20,0
DA:24,3
DA:25,1
DA:26,1
DA:27,1
DA:31,1
DA:33,0
DA:34,0
DA:41,3
DA:42,2
DA:43,2
DA:44,2
DA:45,2
DA:46,1
DA:49,1
DA:53,1
DA:56,0
DA:57,0
DA:59,0
DA:60,0
DA:66,3
DA:67,2
DA:68,2
DA:69,2
DA:70,2
DA:72,1
DA:76,1
DA:78,0
DA:79,0
DA:81,0
DA:82,0
DA:88,3
LF:41
LH:29
BRDA:15,0,0,1
BRDA:15,0,1,0
BRDA:25,1,0,0
BRDA:25,2,0,0
BRDA:49,3,0,1
BRDA:49,3,1,0
BRDA:50,4,0,1
BRDA:50,4,1,0
BRDA:56,5,0,0
BRDA:56,5,1,0
BRDA:70,6,0,1
BRDA:70,6,1,1
BRDA:78,7,0,0
BRDA:78,7,1,0
BRF:14
BRH:5
end_of_record
TN:
SF:src\middlewares\authMiddleware.js
FN:3,(anonymous_0)
FNF:1
FNH:1
FNDA:13,(anonymous_0)
DA:3,3
DA:4,13
DA:5,2
DA:7,11
LF:4
LH:4
BRDA:4,0,0,2
BRDA:4,0,1,11
BRF:2
BRH:2
end_of_record
TN:
SF:src\middlewares\checkPermiso.js
FN:5,(anonymous_0)
FN:6,(anonymous_1)
FNF:2
FNH:2
FNDA:14,(anonymous_0)
FNDA:11,(anonymous_1)
DA:3,4
DA:5,4
DA:6,14
DA:7,11
DA:8,11
DA:9,11
DA:10,0
DA:13,11
DA:14,11
DA:19,11
DA:22,11
DA:23,1
DA:27,10
DA:29,0
DA:30,0
LF:15
LH:12
BRDA:9,0,0,0
BRDA:9,0,1,11
BRDA:22,1,0,1
BRDA:22,1,1,10
BRF:4
BRH:3
end_of_record
TN:
SF:src\middlewares\setAuditUser.js
FN:7,(anonymous_0)
FNF:1
FNH:1
FNDA:18,(anonymous_0)
DA:5,3
DA:7,3
DA:8,18
DA:9,11
DA:11,18
LF:5
LH:5
BRDA:8,0,0,11
BRDA:8,0,1,7
BRF:2
BRH:2
end_of_record
TN:
SF:src\repositories\auditContextRepository.js
FN:5,setCurrentUser
FNF:1
FNH:1
FNDA:11,setCurrentUser
DA:3,3
DA:6,11
DA:9,3
LF:3
LH:3
BRF:0
BRH:0
end_of_record
TN:
SF:src\repositories\permisoRepository.js
FN:5,verificarPermiso
FNF:1
FNH:1
FNDA:9,verificarPermiso
DA:3,4
DA:6,9
DA:26,9
DA:27,9
DA:30,4
LF:5
LH:5
BRDA:27,0,0,9
BRDA:27,0,1,0
BRF:2
BRH:1
end_of_record
TN:
SF:src\repositories\planificacionRepository.js
FN:4,crear
FN:12,obtenerTodos
FN:20,obtenerTotal
FN:25,eliminarPorId
FN:30,actualizar
FNF:5
FNH:5
FNDA:3,crear
FNDA:1,obtenerTodos
FNDA:1,obtenerTotal
FNDA:2,eliminarPorId
FNDA:1,actualizar
DA:2,4
DA:5,3
DA:9,3
DA:13,1
DA:17,1
DA:21,1
DA:22,1
DA:26,2
DA:27,2
DA:31,1
DA:35,1
DA:38,4
LF:12
LH:12
BRF:0
BRH:0
end_of_record
TN:
SF:src\repositories\usuarioRepository.js
FN:6,(anonymous_0)
FN:15,(anonymous_1)
FNF:2
FNH:2
FNDA:5,(anonymous_0)
FNDA:4,(anonymous_1)
DA:4,4
DA:6,4
DA:7,5
DA:12,5
DA:15,4
DA:17,4
DA:21,4
DA:22,0
DA:26,0
DA:30,4
DA:35,4
LF:11
LH:9
BRDA:21,0,0,0
BRDA:21,0,1,4
BRDA:21,1,0,4
BRDA:21,1,1,4
BRDA:21,1,2,4
BRF:5
BRH:4
end_of_record
TN:
SF:src\routes\v1\auth.js
FNF:0
FNH:0
DA:3,3
DA:4,3
DA:9,3
DA:10,3
DA:12,3
DA:13,3
DA:14,3
DA:16,3
LF:8
LH:8
BRF:0
BRH:0
end_of_record
TN:
SF:src\routes\v1\planificaciones.js
FNF:0
FNH:0
DA:3,3
DA:4,3
DA:10,3
DA:11,3
DA:12,3
DA:14,3
DA:16,3
DA:17,3
DA:18,3
DA:23,3
DA:29,3
LF:11
LH:11
BRF:0
BRH:0
end_of_record
TN:
SF:src\services\auditContextService.js
FN:5,establecerUsuarioAuditoria
FNF:1
FNH:1
FNDA:11,establecerUsuarioAuditoria
DA:3,3
DA:8,11
DA:11,3
LF:3
LH:3
BRF:0
BRH:0
end_of_record
TN:
SF:src\services\auditService.js
FN:5,registrarLog
FNF:1
FNH:1
FNDA:4,registrarLog
DA:3,4
DA:12,4
DA:16,4
DA:25,4
LF:4
LH:4
BRDA:8,0,0,1
BRDA:9,1,0,2
BRDA:10,2,0,1
BRDA:21,3,0,2
BRDA:21,3,1,2
BRF:5
BRH:5
end_of_record
TN:
SF:src\services\authService.js
FN:5,login
FNF:1
FNH:1
FNDA:7,login
DA:2,4
DA:3,4
DA:6,7
DA:7,7
DA:8,7
DA:9,5
DA:10,5
DA:11,5
DA:12,5
DA:23,4
LF:10
LH:10
BRDA:8,0,0,2
BRDA:8,0,1,5
BRDA:9,1,0,0
BRDA:9,1,1,5
BRDA:11,2,0,0
BRDA:11,2,1,5
BRF:6
BRH:4
end_of_record
TN:
SF:src\services\permissionService.js
FN:5,verificarPermisoUsuario
FNF:1
FNH:1
FNDA:9,verificarPermisoUsuario
DA:3,4
DA:7,9
DA:10,4
LF:3
LH:3
BRF:0
BRH:0
end_of_record
TN:
SF:src\services\planificacionService.js
FN:6,crearPlanificacion
FN:25,listarPlanificaciones
FN:33,(anonymous_2)
FN:49,eliminarPlanificacion
FN:55,actualizarPlanificacion
FNF:5
FNH:5
FNDA:8,crearPlanificacion
FNDA:2,listarPlanificaciones
FNDA:2,(anonymous_2)
FNDA:4,eliminarPlanificacion
FNDA:4,actualizarPlanificacion
DA:3,4
DA:4,4
DA:8,8
DA:9,8
DA:11,8
DA:12,3
DA:14,5
DA:15,1
DA:18,4
DA:22,4
DA:26,2
DA:27,2
DA:33,2
DA:39,2
DA:50,4
DA:51,3
DA:52,3
DA:56,4
DA:57,3
DA:58,3
DA:59,3
DA:60,1
DA:62,2
DA:63,0
DA:65,2
DA:70,2
DA:73,4
LF:27
LH:26
BRDA:11,0,0,3
BRDA:11,0,1,5
BRDA:11,1,0,8
BRDA:11,1,1,7
BRDA:14,2,0,1
BRDA:14,2,1,4
BRDA:14,3,0,5
BRDA:14,3,1,4
BRDA:25,4,0,0
BRDA:25,5,0,0
BRDA:50,6,0,1
BRDA:50,6,1,3
BRDA:56,7,0,1
BRDA:56,7,1,3
BRDA:59,8,0,1
BRDA:59,8,1,2
BRDA:59,9,0,3
BRDA:59,9,1,2
BRDA:62,10,0,0
BRDA:62,10,1,2
BRDA:62,11,0,2
BRDA:62,11,1,2
BRDA:70,12,0,0
BRDA:70,12,1,2
BRF:24
BRH:20
end_of_record
